\BOOKMARK [1][-]{section.1}{R\351sume de la proposition de projet / Executive summary}{}% 1
\BOOKMARK [1][-]{section.2}{Introduction et positionnement / Introduction and positioning}{}% 2
\BOOKMARK [2][-]{subsection.2.1}{Contexte et enjeux \351conomiques et soci\351taux / Context, social and economic issues}{section.2}% 3
\BOOKMARK [2][-]{subsection.2.2}{Positionnement du projet / Position of the project}{section.2}% 4
\BOOKMARK [2][-]{subsection.2.3}{Etat de l'art / State of the art}{section.2}% 5
\BOOKMARK [2][-]{subsection.2.4}{Objectifs et caract\350re ambitieux/novateur du projet / Objectives, originality and novelty of the project}{section.2}% 6
\BOOKMARK [1][-]{section.3}{Programme scientifique et technique, organisation du projet / Scientific and technical programme, Project organisation}{}% 7
\BOOKMARK [2][-]{subsection.3.1}{Programme scientifique et structuration du projet / Scientific programme, project structure}{section.3}% 8
\BOOKMARK [2][-]{subsection.3.2}{Management du projet / Project management}{section.3}% 9
\BOOKMARK [2][-]{subsection.3.3}{Description des travaux par tâche / Description by task}{section.3}% 10
\BOOKMARK [2][-]{subsection.3.4}{Calendrier des tâches, livrables et jalons / Tasks schedule, deliverables and milestones}{section.3}% 11
\BOOKMARK [1][-]{section.4}{Strat\351gie de valorisation, de protection et d'exploitation des r\351sultats / Dissemination and exploitation of results. intellectual property}{}% 12
\BOOKMARK [1][-]{section.5}{Description de l'equipe / Team description}{}% 13
\BOOKMARK [2][-]{subsection.5.1}{Description, ad\351quation et compl\351mentarit\351 des participants / Partners description, relevance and complementarity}{section.5}% 14
\BOOKMARK [2][-]{subsection.5.2}{Qualification of the project coordinator}{section.5}% 15
\BOOKMARK [2][-]{subsection.5.3}{Qualification and contribution of each partner}{section.5}% 16
\BOOKMARK [1][-]{section.6}{Justification scientifique des moyens demand\351s / Scientific justification of requested ressources}{}% 17
\BOOKMARK [2][-]{subsection.6.1}{\311quipement / Equipment}{section.6}% 18
\BOOKMARK [2][-]{subsection.6.2}{Personnel / Staff}{section.6}% 19
\BOOKMARK [2][-]{subsection.6.3}{Missions / Travel}{section.6}% 20
\BOOKMARK [1][-]{section.7}{Bibliographie / References}{}% 21
