This is pdfTeX, Version 3.1415926-2.5-1.40.14 (TeX Live 2013) (format=pdflatex 2014.4.23)  22 APR 2015 14:30
entering extended mode
 restricted \write18 enabled.
 file:line:error style messages enabled.
 %&-line parsing enabled.
**dada_science.tex
(./dada_science.tex
LaTeX2e <2011/06/27>
Babel <3.9f> and hyphenation patterns for 78 languages loaded.
(/usr/local/texlive/2013/texmf-dist/tex/latex/base/article.cls
Document Class: article 2007/10/19 v1.4h Standard LaTeX document class
(/usr/local/texlive/2013/texmf-dist/tex/latex/base/size11.clo
File: size11.clo 2007/10/19 v1.4h Standard LaTeX file (size option)
)
\c@part=\count79
\c@section=\count80
\c@subsection=\count81
\c@subsubsection=\count82
\c@paragraph=\count83
\c@subparagraph=\count84
\c@figure=\count85
\c@table=\count86
\abovecaptionskip=\skip41
\belowcaptionskip=\skip42
\bibindent=\dimen102
)
(/usr/local/texlive/2013/texmf-dist/tex/latex/base/inputenc.sty
Package: inputenc 2008/03/30 v1.1d Input encoding file
\inpenc@prehook=\toks14
\inpenc@posthook=\toks15
)
(/usr/local/texlive/2013/texmf-dist/tex/generic/babel/babel.sty
Package: babel 2013/05/16 v3.9f The Babel package

(/usr/local/texlive/2013/texmf-dist/tex/generic/babel-french/frenchb.ldf
Language: frenchb 2013/05/20 v2.6c French support from the babel system

(/usr/local/texlive/2013/texmf-dist/tex/generic/babel/babel.def
File: babel.def 2013/05/16 v3.9f Babel common definitions
\babel@savecnt=\count87
\U@D=\dimen103
)
\FB@interchartokenstateORI=\count88
Package babel Info: Making : an active character on input line 240.
Package babel Info: Making ; an active character on input line 241.
Package babel Info: Making ! an active character on input line 242.
Package babel Info: Making ? an active character on input line 243.
\FB@Mht=\dimen104
\std@mcc=\count89
\dec@mcc=\count90
\listindentFB=\skip43
\labelwidthFB=\skip44
\leftmarginFB=\skip45
\parindentFFN=\dimen105
))
(/usr/local/texlive/2013/texmf-dist/tex/latex/carlisle/scalefnt.sty)
(/usr/local/texlive/2013/texmf-dist/tex/latex/graphics/keyval.sty
Package: keyval 1999/03/16 v1.13 key=value parser (DPC)
\KV@toks@=\toks16
)
(/usr/local/texlive/2013/texmf-dist/tex/latex/base/fontenc.sty
Package: fontenc 2005/09/27 v1.99g Standard LaTeX package

(/usr/local/texlive/2013/texmf-dist/tex/latex/base/t1enc.def
File: t1enc.def 2005/09/27 v1.99g Standard LaTeX file
LaTeX Font Info:    Redeclaring font encoding T1 on input line 43.
))
(/usr/local/texlive/2013/texmf-dist/tex/latex/eurosym/eurosym.sty
Package: eurosym 1998/08/06 v1.1 European currency symbol ``Euro''
\@eurobox=\box26
)
(/usr/local/texlive/2013/texmf-dist/tex/latex/tools/tabularx.sty
Package: tabularx 1999/01/07 v2.07 `tabularx' package (DPC)

(/usr/local/texlive/2013/texmf-dist/tex/latex/tools/array.sty
Package: array 2008/09/09 v2.4c Tabular extension package (FMi)
\col@sep=\dimen106
\extrarowheight=\dimen107
\NC@list=\toks17
\extratabsurround=\skip46
\backup@length=\skip47
)
\TX@col@width=\dimen108
\TX@old@table=\dimen109
\TX@old@col=\dimen110
\TX@target=\dimen111
\TX@delta=\dimen112
\TX@cols=\count91
\TX@ftn=\toks18
)
(/usr/local/texlive/2013/texmf-dist/tex/latex/graphics/graphicx.sty
Package: graphicx 1999/02/16 v1.0f Enhanced LaTeX Graphics (DPC,SPQR)

(/usr/local/texlive/2013/texmf-dist/tex/latex/graphics/graphics.sty
Package: graphics 2009/02/05 v1.0o Standard LaTeX Graphics (DPC,SPQR)

(/usr/local/texlive/2013/texmf-dist/tex/latex/graphics/trig.sty
Package: trig 1999/03/16 v1.09 sin cos tan (DPC)
)
(/usr/local/texlive/2013/texmf-dist/tex/latex/latexconfig/graphics.cfg
File: graphics.cfg 2010/04/23 v1.9 graphics configuration of TeX Live
)
Package graphics Info: Driver file: pdftex.def on input line 91.

(/usr/local/texlive/2013/texmf-dist/tex/latex/pdftex-def/pdftex.def
File: pdftex.def 2011/05/27 v0.06d Graphics/color for pdfTeX

(/usr/local/texlive/2013/texmf-dist/tex/generic/oberdiek/infwarerr.sty
Package: infwarerr 2010/04/08 v1.3 Providing info/warning/error messages (HO)
)
(/usr/local/texlive/2013/texmf-dist/tex/generic/oberdiek/ltxcmds.sty
Package: ltxcmds 2011/11/09 v1.22 LaTeX kernel commands for general use (HO)
)
\Gread@gobject=\count92
))
\Gin@req@height=\dimen113
\Gin@req@width=\dimen114
)
(/usr/local/texlive/2013/texmf-dist/tex/latex/tools/xspace.sty
Package: xspace 2009/10/20 v1.13 Space after command names (DPC,MH)
)
(/usr/local/texlive/2013/texmf-dist/tex/latex/hyperref/hyperref.sty
Package: hyperref 2012/11/06 v6.83m Hypertext links for LaTeX

(/usr/local/texlive/2013/texmf-dist/tex/generic/oberdiek/hobsub-hyperref.sty
Package: hobsub-hyperref 2012/05/28 v1.13 Bundle oberdiek, subset hyperref (HO)


(/usr/local/texlive/2013/texmf-dist/tex/generic/oberdiek/hobsub-generic.sty
Package: hobsub-generic 2012/05/28 v1.13 Bundle oberdiek, subset generic (HO)
Package: hobsub 2012/05/28 v1.13 Construct package bundles (HO)
Package hobsub Info: Skipping package `infwarerr' (already loaded).
Package hobsub Info: Skipping package `ltxcmds' (already loaded).
Package: ifluatex 2010/03/01 v1.3 Provides the ifluatex switch (HO)
Package ifluatex Info: LuaTeX not detected.
Package: ifvtex 2010/03/01 v1.5 Detect VTeX and its facilities (HO)
Package ifvtex Info: VTeX not detected.
Package: intcalc 2007/09/27 v1.1 Expandable calculations with integers (HO)
Package: ifpdf 2011/01/30 v2.3 Provides the ifpdf switch (HO)
Package ifpdf Info: pdfTeX in PDF mode is detected.
Package: etexcmds 2011/02/16 v1.5 Avoid name clashes with e-TeX commands (HO)
Package etexcmds Info: Could not find \expanded.
(etexcmds)             That can mean that you are not using pdfTeX 1.50 or
(etexcmds)             that some package has redefined \expanded.
(etexcmds)             In the latter case, load this package earlier.
Package: kvsetkeys 2012/04/25 v1.16 Key value parser (HO)
Package: kvdefinekeys 2011/04/07 v1.3 Define keys (HO)
Package: pdftexcmds 2011/11/29 v0.20 Utility functions of pdfTeX for LuaTeX (HO
)
Package pdftexcmds Info: LuaTeX not detected.
Package pdftexcmds Info: \pdf@primitive is available.
Package pdftexcmds Info: \pdf@ifprimitive is available.
Package pdftexcmds Info: \pdfdraftmode found.
Package: pdfescape 2011/11/25 v1.13 Implements pdfTeX's escape features (HO)
Package: bigintcalc 2012/04/08 v1.3 Expandable calculations on big integers (HO
)
Package: bitset 2011/01/30 v1.1 Handle bit-vector datatype (HO)
Package: uniquecounter 2011/01/30 v1.2 Provide unlimited unique counter (HO)
)
Package hobsub Info: Skipping package `hobsub' (already loaded).
Package: letltxmacro 2010/09/02 v1.4 Let assignment for LaTeX macros (HO)
Package: hopatch 2012/05/28 v1.2 Wrapper for package hooks (HO)
Package: xcolor-patch 2011/01/30 xcolor patch
Package: atveryend 2011/06/30 v1.8 Hooks at the very end of document (HO)
Package atveryend Info: \enddocument detected (standard20110627).
Package: atbegshi 2011/10/05 v1.16 At begin shipout hook (HO)
Package: refcount 2011/10/16 v3.4 Data extraction from label references (HO)
Package: hycolor 2011/01/30 v1.7 Color options for hyperref/bookmark (HO)
)
(/usr/local/texlive/2013/texmf-dist/tex/generic/ifxetex/ifxetex.sty
Package: ifxetex 2010/09/12 v0.6 Provides ifxetex conditional
)
(/usr/local/texlive/2013/texmf-dist/tex/latex/oberdiek/auxhook.sty
Package: auxhook 2011/03/04 v1.3 Hooks for auxiliary files (HO)
)
(/usr/local/texlive/2013/texmf-dist/tex/latex/oberdiek/kvoptions.sty
Package: kvoptions 2011/06/30 v3.11 Key value format for package options (HO)
)
\@linkdim=\dimen115
\Hy@linkcounter=\count93
\Hy@pagecounter=\count94

(/usr/local/texlive/2013/texmf-dist/tex/latex/hyperref/pd1enc.def
File: pd1enc.def 2012/11/06 v6.83m Hyperref: PDFDocEncoding definition (HO)
)
\Hy@SavedSpaceFactor=\count95

(/usr/local/texlive/2013/texmf-dist/tex/latex/latexconfig/hyperref.cfg
File: hyperref.cfg 2002/06/06 v1.2 hyperref configuration of TeXLive
)
Package hyperref Info: Option `colorlinks' set `true' on input line 4319.
Package hyperref Info: Hyper figures OFF on input line 4443.
Package hyperref Info: Link nesting OFF on input line 4448.
Package hyperref Info: Hyper index ON on input line 4451.
Package hyperref Info: Plain pages OFF on input line 4458.
Package hyperref Info: Backreferencing OFF on input line 4463.
Package hyperref Info: Implicit mode ON; LaTeX internals redefined.
Package hyperref Info: Bookmarks ON on input line 4688.
\c@Hy@tempcnt=\count96

(/usr/local/texlive/2013/texmf-dist/tex/latex/url/url.sty
\Urlmuskip=\muskip10
Package: url 2006/04/12  ver 3.3  Verb mode for urls, etc.
)
LaTeX Info: Redefining \url on input line 5041.
\XeTeXLinkMargin=\dimen116
\Fld@menulength=\count97
\Field@Width=\dimen117
\Fld@charsize=\dimen118
Package hyperref Info: Hyper figures OFF on input line 6295.
Package hyperref Info: Link nesting OFF on input line 6300.
Package hyperref Info: Hyper index ON on input line 6303.
Package hyperref Info: backreferencing OFF on input line 6310.
Package hyperref Info: Link coloring ON on input line 6313.
Package hyperref Info: Link coloring with OCG OFF on input line 6320.
Package hyperref Info: PDF/A mode OFF on input line 6325.
LaTeX Info: Redefining \ref on input line 6365.
LaTeX Info: Redefining \pageref on input line 6369.
\Hy@abspage=\count98
\c@Item=\count99
\c@Hfootnote=\count100
)

Package hyperref Message: Driver (autodetected): hpdftex.

(/usr/local/texlive/2013/texmf-dist/tex/latex/hyperref/hpdftex.def
File: hpdftex.def 2012/11/06 v6.83m Hyperref driver for pdfTeX
\Fld@listcount=\count101
\c@bookmark@seq@number=\count102

(/usr/local/texlive/2013/texmf-dist/tex/latex/oberdiek/rerunfilecheck.sty
Package: rerunfilecheck 2011/04/15 v1.7 Rerun checks for auxiliary files (HO)
Package uniquecounter Info: New unique counter `rerunfilecheck' on input line 2
82.
)
\Hy@SectionHShift=\skip48
)
(/usr/local/texlive/2013/texmf-dist/tex/latex/geometry/geometry.sty
Package: geometry 2010/09/12 v5.6 Page Geometry
\Gm@cnth=\count103
\Gm@cntv=\count104
\c@Gm@tempcnt=\count105
\Gm@bindingoffset=\dimen119
\Gm@wd@mp=\dimen120
\Gm@odd@mp=\dimen121
\Gm@even@mp=\dimen122
\Gm@layoutwidth=\dimen123
\Gm@layoutheight=\dimen124
\Gm@layouthoffset=\dimen125
\Gm@layoutvoffset=\dimen126
\Gm@dimlist=\toks19
)
(/usr/local/texlive/2013/texmf-dist/tex/latex/lastpage/lastpage.sty
Package: lastpage 2013/01/28 v1.2l Refers to last page's name (HMM; JPG)
)
(/usr/local/texlive/2013/texmf-dist/tex/latex/oberdiek/pdflscape.sty
Package: pdflscape 2008/08/11 v0.10 Display of landscape pages in PDF (HO)

(/usr/local/texlive/2013/texmf-dist/tex/latex/graphics/lscape.sty
Package: lscape 2000/10/22 v3.01 Landscape Pages (DPC)
)
Package pdflscape Info: Auto-detected driver: pdftex on input line 80.
)
(/usr/local/texlive/2013/texmf-dist/tex/latex/fancyhdr/fancyhdr.sty
\fancy@headwidth=\skip49
\f@ncyO@elh=\skip50
\f@ncyO@erh=\skip51
\f@ncyO@olh=\skip52
\f@ncyO@orh=\skip53
\f@ncyO@elf=\skip54
\f@ncyO@erf=\skip55
\f@ncyO@olf=\skip56
\f@ncyO@orf=\skip57
)

Package Fancyhdr Warning: \fancyhfoffset's `E' option without twoside option is
 useless on input line 28.

(/usr/local/texlive/2013/texmf-dist/tex/generic/xcomment/xcomment.sty
Package: xcomment 2010/05/13 package wrapper for xcomment.tex (hv)

(/usr/local/texlive/2013/texmf-dist/tex/generic/xcomment/xcomment.tex
Style-Option: `xcomment' v1.3 <10/05/14> (tvz) 
\tokout=\write3
\tokin=\read1
)
File: xcomment.tex 10/05/14 v1.3 `xcomment' (tvz)
) (./dada_science.aux)
\openout1 = `dada_science.aux'.

LaTeX Font Info:    Checking defaults for OML/cmm/m/it on input line 57.
LaTeX Font Info:    ... okay on input line 57.
LaTeX Font Info:    Checking defaults for T1/cmr/m/n on input line 57.
LaTeX Font Info:    ... okay on input line 57.
LaTeX Font Info:    Checking defaults for OT1/cmr/m/n on input line 57.
LaTeX Font Info:    ... okay on input line 57.
LaTeX Font Info:    Checking defaults for OMS/cmsy/m/n on input line 57.
LaTeX Font Info:    ... okay on input line 57.
LaTeX Font Info:    Checking defaults for OMX/cmex/m/n on input line 57.
LaTeX Font Info:    ... okay on input line 57.
LaTeX Font Info:    Checking defaults for U/cmr/m/n on input line 57.
LaTeX Font Info:    ... okay on input line 57.
LaTeX Font Info:    Checking defaults for PD1/pdf/m/n on input line 57.
LaTeX Font Info:    ... okay on input line 57.
LaTeX Font Info:    Try loading font information for T1+phv on input line 57.

(/usr/local/texlive/2013/texmf-dist/tex/latex/psnfss/t1phv.fd
File: t1phv.fd 2001/06/04 scalable font definitions for T1/phv.
)
LaTeX Info: Redefining \degres on input line 57.
LaTeX Info: Redefining \dots on input line 57.
LaTeX Info: Redefining \up on input line 57.

(/usr/local/texlive/2013/texmf-dist/tex/context/base/supp-pdf.mkii
[Loading MPS to PDF converter (version 2006.09.02).]
\scratchcounter=\count106
\scratchdimen=\dimen127
\scratchbox=\box27
\nofMPsegments=\count107
\nofMParguments=\count108
\everyMPshowfont=\toks20
\MPscratchCnt=\count109
\MPscratchDim=\dimen128
\MPnumerator=\count110
\makeMPintoPDFobject=\count111
\everyMPtoPDFconversion=\toks21
) (/usr/local/texlive/2013/texmf-dist/tex/latex/oberdiek/epstopdf-base.sty
Package: epstopdf-base 2010/02/09 v2.5 Base part for package epstopdf

(/usr/local/texlive/2013/texmf-dist/tex/latex/oberdiek/grfext.sty
Package: grfext 2010/08/19 v1.1 Manage graphics extensions (HO)
)
Package grfext Info: Graphics extension search list:
(grfext)             [.png,.pdf,.jpg,.mps,.jpeg,.jbig2,.jb2,.PNG,.PDF,.JPG,.JPE
G,.JBIG2,.JB2,.eps]
(grfext)             \AppendGraphicsExtensions on input line 452.

(/usr/local/texlive/2013/texmf-dist/tex/latex/latexconfig/epstopdf-sys.cfg
File: epstopdf-sys.cfg 2010/07/13 v1.3 Configuration of (r)epstopdf for TeX Liv
e
))
\AtBeginShipoutBox=\box28

(/usr/local/texlive/2013/texmf-dist/tex/latex/graphics/color.sty
Package: color 2005/11/14 v1.0j Standard LaTeX Color (DPC)

(/usr/local/texlive/2013/texmf-dist/tex/latex/latexconfig/color.cfg
File: color.cfg 2007/01/18 v1.5 color configuration of teTeX/TeXLive
)
Package color Info: Driver file: pdftex.def on input line 130.
)
Package hyperref Info: Link coloring ON on input line 57.

(/usr/local/texlive/2013/texmf-dist/tex/latex/hyperref/nameref.sty
Package: nameref 2012/10/27 v2.43 Cross-referencing by name of section

(/usr/local/texlive/2013/texmf-dist/tex/generic/oberdiek/gettitlestring.sty
Package: gettitlestring 2010/12/03 v1.4 Cleanup title references (HO)
)
\c@section@level=\count112
)
LaTeX Info: Redefining \ref on input line 57.
LaTeX Info: Redefining \pageref on input line 57.
LaTeX Info: Redefining \nameref on input line 57.

(./dada_science.out) (./dada_science.out)
\@outlinefile=\write4
\openout4 = `dada_science.out'.


*geometry* driver: auto-detecting
*geometry* detected driver: pdftex
*geometry* verbose mode - [ preamble ] result:
* driver: pdftex
* paper: a4paper
* layout: <same size as paper>
* layoutoffset:(h,v)=(0.0pt,0.0pt)
* modes: includefoot 
* h-part:(L,W,R)=(71.13188pt, 455.24411pt, 71.13188pt)
* v-part:(T,H,B)=(99.58464pt, 702.78308pt, 42.67912pt)
* \paperwidth=597.50787pt
* \paperheight=845.04684pt
* \textwidth=455.24411pt
* \textheight=645.87758pt
* \oddsidemargin=-1.1381pt
* \evensidemargin=-1.1381pt
* \topmargin=-54.59085pt
* \headheight=56.9055pt
* \headsep=25.0pt
* \topskip=11.0pt
* \footskip=56.9055pt
* \marginparwidth=50.0pt
* \marginparsep=10.0pt
* \columnsep=10.0pt
* \skip\footins=10.0pt plus 4.0pt minus 2.0pt
* \hoffset=0.0pt
* \voffset=0.0pt
* \mag=1000
* \@twocolumnfalse
* \@twosidefalse
* \@mparswitchfalse
* \@reversemarginfalse
* (1in=72.27pt=25.4mm, 1cm=28.453pt)

Package lastpage Info: Please have a look at the pageslts package at
(lastpage)             http://www.ctan.org/tex-archive/ 
(lastpage)             macros/latex/contrib/pageslts/ 
(lastpage)             or
(lastpage)             http://www.ctan.org/tex-archive/ 
(lastpage)             install/macros/latex/contrib/pageslts.tds.zip
(lastpage)             ! on input line 57.
LaTeX Font Info:    External font `cmex10' loaded for size
(Font)              <12> on input line 60.
LaTeX Font Info:    External font `cmex10' loaded for size
(Font)              <8> on input line 60.
LaTeX Font Info:    External font `cmex10' loaded for size
(Font)              <6> on input line 60.

LaTeX Warning: No \author given.

\openout3 = `dada_science.tmp'.

LaTeX Font Info:    Font shape `T1/phv/bx/n' in size <14.4> not available
(Font)              Font shape `T1/phv/b/n' tried instead on input line 75.
(./dada_science.toc
LaTeX Font Info:    Font shape `T1/phv/bx/n' in size <10.95> not available
(Font)              Font shape `T1/phv/b/n' tried instead on input line 2.
)
\tf@toc=\write5
\openout5 = `dada_science.toc'.

 [1

{/usr/local/texlive/2013/texmf-var/fonts/map/pdftex/updmap/pdftex.map}] (./Intr
o_Positionnement.tex
\openout3 = `dada_science.tmp'.

LaTeX Font Info:    Font shape `T1/phv/bx/n' in size <12> not available
(Font)              Font shape `T1/phv/b/n' tried instead on input line 10.
\openout3 = `dada_science.tmp'.

 [2]
\openout3 = `dada_science.tmp'.


Overfull \hbox (16.53647pt too wide) in paragraph at lines 56--59
[]\T1/phv/m/n/10.95 Interactions des mondes phy-siques, de l'hu-main et du mond
e nu-mé-rique (3.7.2.4).
 []

[3]
\openout3 = `dada_science.tmp'.



LaTeX Warning: Citation `Bourassa2013' on page 4 undefined on input line 81.

LaTeX Font Info:    Font shape `T1/phv/m/it' in size <10.95> not available
(Font)              Font shape `T1/phv/m/sl' tried instead on input line 89.
[4] [5]

LaTeX Warning: Citation `Kopp2006' on page 6 undefined on input line 126.

[6] [7]

LaTeX Warning: Citation `Ishida02' on page 8 undefined on input line 171.

LaTeX Font Info:    External font `cmex10' loaded for size
(Font)              <10.95> on input line 194.

LaTeX Warning: Citation `bauer:hal-0098743' on page 8 undefined on input line 2
01.

[8]

LaTeX Warning: Citation `Kopp2006' on page 9 undefined on input line 218.


LaTeX Warning: Citation `Kopp2006' on page 9 undefined on input line 223.

\openout3 = `dada_science.tmp'.

[9] [10]) (./ProgScient.tex
\openout3 = `dada_science.tmp'.

\openout3 = `dada_science.tmp'.

\openout3 = `dada_science.tmp'.

) (./WP1.tex [11]

LaTeX Warning: Citation `YuThesis' on page 12 undefined on input line 159.


LaTeX Warning: Citation `INRIA' on page 12 undefined on input line 159.

) (./WP2.tex [12]) (./WP3.tex) (./WP4.tex [13]) (./Management.tex
\openout3 = `dada_science.tmp'.

)
(./Taches.tex
\openout3 = `dada_science.tmp'.

 (./Taches_WP1.tex [14]
Overfull \hbox (3.62793pt too wide) in paragraph at lines 61--62
[]\T1/phv/m/n/10.95 Firstly we will ex-plore how to ex-tend \T1/phv/m/sl/10.95 
contex-tual mar-ko-vian mo-dels \T1/phv/m/n/10.95 whose pa-ra-me-ters (means
 []


LaTeX Warning: Citation `TheseINRIA' on page 15 undefined on input line 80.

[15]

LaTeX Warning: Citation `...' on page 16 undefined on input line 85.


LaTeX Warning: Citation `RadenenThesis' on page 16 undefined on input line 99.


./Taches_WP1.tex:103: LaTeX Error: There's no line here to end.

See the LaTeX manual or LaTeX Companion for explanation.
Type  H <return>  for immediate help.
 ...                                              
                                                  
l.103 
      
? 

Overfull \hbox (11.9208pt too wide) in paragraph at lines 108--114
[][] 
 []

[16]) (./Taches_WP2.tex [17]
Overfull \hbox (35.92596pt too wide) in paragraph at lines 45--51
[][] 
 []

) (./Taches_WP3.tex [18] [19] [20]) (./Taches_WP4.tex [21] [22] [23])
\openout3 = `dada_science.tmp'.

)
(./Valorisation.tex
\openout3 = `dada_science.tmp'.

 [24]) (./Team.tex
\openout3 = `dada_science.tmp'.

\openout3 = `dada_science.tmp'.

\openout3 = `dada_science.tmp'.

\openout3 = `dada_science.tmp'.


Overfull \hbox (3.91187pt too wide) in paragraph at lines 63--63
[]|\T1/phv/m/n/10.95 Contribution| 
 []


Underfull \hbox (badness 10000) in paragraph at lines 63--63
[]|\T1/phv/m/n/10.95 Machine
 []


Underfull \hbox (badness 1577) in paragraph at lines 63--63
[]|\T1/phv/m/n/10.95 WP1 (task
 []


Underfull \hbox (badness 10000) in paragraph at lines 63--63
\T1/phv/m/n/10.95 lea-der),
 []


Underfull \hbox (badness 10000) in paragraph at lines 63--63
[]|\T1/phv/m/n/10.95 Assistant
 []


Underfull \hbox (badness 10000) in paragraph at lines 63--63
[]|\T1/phv/m/n/10.95 Machine
 []


Underfull \hbox (badness 10000) in paragraph at lines 63--63
\T1/phv/m/n/10.95 Lear-ning
 []


Underfull \hbox (badness 2293) in paragraph at lines 63--63
\T1/phv/m/n/10.95 and Si-gnal
 []


Underfull \hbox (badness 10000) in paragraph at lines 63--63
[]|\T1/phv/m/n/10.95 Ph.D.
 []


Underfull \hbox (badness 10000) in paragraph at lines 63--63
[]|\T1/phv/m/n/10.95 Machine
 []

[25] [26]
LaTeX Font Info:    Try loading font information for T1+cmtt on input line 90.
 (/usr/local/texlive/2013/texmf-dist/tex/latex/base/t1cmtt.fd
File: t1cmtt.fd 1999/05/25 v2.5h Standard LaTeX font definitions
)
Overfull \hbox (0.15695pt too wide) in paragraph at lines 90--91
\T1/phv/m/n/10.95 Na-tio-nal de Créa-tion Mu-si-cale ([][]$\T1/cmtt/m/n/10.95 h
ttp : / / www . gmem . org / index . php ? option = com _ content&view =
 []

[27]) (./Justif.tex
\openout3 = `dada_science.tmp'.

\openout3 = `dada_science.tmp'.

\openout3 = `dada_science.tmp'.

\openout3 = `dada_science.tmp'.

\openout3 = `dada_science.tmp'.

\openout3 = `dada_science.tmp'.

\openout3 = `dada_science.tmp'.

)
\openout3 = `dada_science.tmp'.

 (./dada_science.bbl [28]
LaTeX Font Info:    Font shape `T1/phv/m/it' in size <10> not available
(Font)              Font shape `T1/phv/m/sl' tried instead on input line 10.
 [29] [30] [31] [32] [33] [34])

AED: lastpage setting LastPage
[35]
Package atveryend Info: Empty hook `BeforeClearDocument' on input line 101.
Package atveryend Info: Empty hook `AfterLastShipout' on input line 101.
 (./dada_science.aux)
Package atveryend Info: Executing hook `AtVeryEndDocument' on input line 101.
Package atveryend Info: Executing hook `AtEndAfterFileList' on input line 101.
Package rerunfilecheck Info: File `dada_science.out' has not changed.
(rerunfilecheck)             Checksum: 81EF15F5251C635F51A1C6CF987CCFDA;814.


LaTeX Warning: There were undefined references.

Package atveryend Info: Empty hook `AtVeryVeryEnd' on input line 101.
 ) 
Here is how much of TeX's memory you used:
 7559 strings out of 493315
 113669 string characters out of 6137904
 212414 words of memory out of 5000000
 10557 multiletter control sequences out of 15000+600000
 46958 words of font info for 54 fonts, out of 8000000 for 9000
 957 hyphenation exceptions out of 8191
 29i,12n,43p,1574b,497s stack positions out of 5000i,500n,10000p,200000b,80000s
pdfTeX warning (dest): name{cite.huang\\penalty\040\\@M\040\040:2012\\penalty
\040\\@M\040\040:EET} has been referenced but does not exist, replaced by a fix
ed one

pdfTeX warning (dest): name{cite.DBLP\\penalty\040\\@M\040\040:conf/iva/Vilhjal
mssonCCCKKMMMPRTWW07} has been referenced but does not exist, replaced by a fix
ed one

pdfTeX warning (dest): name{cite.DBLP\\penalty\040\\@M\040\040:conf/iva/LeeM12}
 has been referenced but does not exist, replaced by a fixed one

pdfTeX warning (dest): name{cite.DBLP\\penalty\040\\@M\040\040:journals/pami/Hu
tchinsonDY13} has been referenced but does not exist, replaced by a fixed one

pdfTeX warning (dest): name{cite.DBLP\\penalty\040\\@M\040\040:conf/mm/ZhongLL1
1} has been referenced but does not exist, replaced by a fixed one

pdfTeX warning (dest): name{cite.DBLP\\penalty\040\\@M\040\040:journals/corr/Co
ntardoDAG13} has been referenced but does not exist, replaced by a fixed one

pdfTeX warning (dest): name{cite.DBLP\\penalty\040\\@M\040\040:journals/spm/Lin
gKZSSQMD15} has been referenced but does not exist, replaced by a fixed one

pdfTeX warning (dest): name{cite.DBLP\\penalty\040\\@M\040\040:conf/interspeech
/Abdel-HamidDYJ13} has been referenced but does not exist, replaced by a fixed 
one

pdfTeX warning (dest): name{cite.DBLP\\penalty\040\\@M\040\040:journals/corr/ab
s-1303-5778} has been referenced but does not exist, replaced by a fixed one

pdfTeX warning (dest): name{cite.DBLP\\penalty\040\\@M\040\040:conf/icfhr/Fisch
erPOS14} has been referenced but does not exist, replaced by a fixed one

pdfTeX warning (dest): name{cite.DBLP\\penalty\040\\@M\040\040:journals/taslp/A
bdel-HamidMJDPY14} has been referenced but does not exist, replaced by a fixed 
one

pdfTeX warning (dest): name{cite.Ding\\penalty\040\\@M\040\040:2014\\penalty\04
0\\@M\040\040:LAS} has been referenced but does not exist, replaced by a fixed 
one

pdfTeX warning (dest): name{cite.barbulescu\\penalty\040\\@M\040\040:hal-010649
89} has been referenced but does not exist, replaced by a fixed one

pdfTeX warning (dest): name{cite.dalessandro\\penalty\040\\@M\040\040:hal-01134
574} has been referenced but does not exist, replaced by a fixed one

pdfTeX warning (dest): name{cite.barbulescu\\penalty\040\\@M\040\040:hal-008429
28} has been referenced but does not exist, replaced by a fixed one

pdfTeX warning (dest): name{cite.vaillant\\penalty\040\\@M\040\040:hal-00819270
} has been referenced but does not exist, replaced by a fixed one

pdfTeX warning (dest): name{cite.galvane\\penalty\040\\@M\040\040:hal-00862713}
 has been referenced but does not exist, replaced by a fixed one

pdfTeX warning (dest): name{cite.lim\\penalty\040\\@M\040\040:hal-00864223} has
 been referenced but does not exist, replaced by a fixed one

pdfTeX warning (dest): name{cite.guay\\penalty\040\\@M\040\040:hal-00861503} ha
s been referenced but does not exist, replaced by a fixed one

pdfTeX warning (dest): name{cite.milliez\\penalty\040\\@M\040\040:hal-01056600}
 has been referenced but does not exist, replaced by a fixed one

pdfTeX warning (dest): name{cite.brouet\\penalty\040\\@M\040\040:hal-00695903} 
has been referenced but does not exist, replaced by a fixed one

pdfTeX warning (dest): name{cite.Shoulson\\penalty\040\\@M\040\040:2013\\penalt
y\040\\@M\040\040:AAD} has been referenced but does not exist, replaced by a fi
xed one

pdfTeX warning (dest): name{cite.Luo\\penalty\040\\@M\040\040:2009\\penalty\040
\\@M\040\040:AGA} has been referenced but does not exist, replaced by a fixed o
ne

pdfTeX warning (dest): name{cite.Marsella\\penalty\040\\@M\040\040:2013\\penalt
y\040\\@M\040\040:VCP} has been referenced but does not exist, replaced by a fi
xed one

pdfTeX warning (dest): name{cite.Thiebaux\\penalty\040\\@M\040\040:2008\\penalt
y\040\\@M\040\040:SBR} has been referenced but does not exist, replaced by a fi
xed one

pdfTeX warning (dest): name{cite.Shapiro\\penalty\040\\@M\040\040:BCA} has been
 referenced but does not exist, replaced by a fixed one

pdfTeX warning (dest): name{cite.Pan\\penalty\040\\@M\040\040:2009\\penalty\040
\\@M\040\040:UHM} has been referenced but does not exist, replaced by a fixed o
ne

pdfTeX warning (dest): name{cite.Wang\\penalty\040\\@M\040\040:2003\\penalty\04
0\\@M\040\040:LKH} has been referenced but does not exist, replaced by a fixed 
one

pdfTeX warning (dest): name{cite.Brand\\penalty\040\\@M\040\040:2000\\penalty\0
40\\@M\040\040:SM} has been referenced but does not exist, replaced by a fixed 
one

pdfTeX warning (dest): name{cite.Feng\\penalty\040\\@M\040\040:2012\\penalty\04
0\\@M\040\040:EMS} has been referenced but does not exist, replaced by a fixed 
one

pdfTeX warning (dest): name{cite.Heck\\penalty\040\\@M\040\040:2007\\penalty\04
0\\@M\040\040:PMG} has been referenced but does not exist, replaced by a fixed 
one

pdfTeX warning (dest): name{cite.Kovar\\penalty\040\\@M\040\040:2002\\penalty\0
40\\@M\040\040:MG} has been referenced but does not exist, replaced by a fixed 
one

pdfTeX warning (dest): name{cite.Lee\\penalty\040\\@M\040\040:2002\\penalty\040
\\@M\040\040:ICA} has been referenced but does not exist, replaced by a fixed o
ne

pdfTeX warning (dest): name{cite.Buss\\penalty\040\\@M\040\040:2004\\penalty\04
0\\@M\040\040:SDL} has been referenced but does not exist, replaced by a fixed 
one

pdfTeX warning (dest): name{cite.Yuan\\penalty\040\\@M\040\040:2001\\penalty\04
0\\@M\040\040:LSI} has been referenced but does not exist, replaced by a fixed 
one

pdfTeX warning (dest): name{cite.Zhao\\penalty\040\\@M\040\040:1994\\penalty\04
0\\@M\040\040:IKP} has been referenced but does not exist, replaced by a fixed 
one

pdfTeX warning (dest): name{cite.Unzueta\\penalty\040\\@M\040\040:2008\\penalty
\040\\@M\040\040:FPA} has been referenced but does not exist, replaced by a fix
ed one

pdfTeX warning (dest): name{cite.Boulic\\penalty\040\\@M\040\040:2006\\penalty\
040\\@M\040\040:EOA} has been referenced but does not exist, replaced by a fixe
d one

pdfTeX warning (dest): name{cite.DBLP\\penalty\040\\@M\040\040:journals/cogsci/
HintonOWT06} has been referenced but does not exist, replaced by a fixed one

pdfTeX warning (dest): name{cite.DBLP\\penalty\040\\@M\040\040:journals/corr/Gr
aves13} has been referenced but does not exist, replaced by a fixed one

pdfTeX warning (dest): name{cite.DBLP\\penalty\040\\@M\040\040:conf/nips/Graves
S08} has been referenced but does not exist, replaced by a fixed one

pdfTeX warning (dest): name{cite.DBLP\\penalty\040\\@M\040\040:journals/corr/Gr
effSKSS15} has been referenced but does not exist, replaced by a fixed one

pdfTeX warning (dest): name{cite.DBLP\\penalty\040\\@M\040\040:conf/nips/Hochre
iterS96} has been referenced but does not exist, replaced by a fixed one

pdfTeX warning (dest): name{cite.DBLP\\penalty\040\\@M\040\040:journals/pami/Wa
ngFH08} has been referenced but does not exist, replaced by a fixed one

pdfTeX warning (dest): name{cite.DBLP\\penalty\040\\@M\040\040:journals/tog/Lev
ineWHPK12} has been referenced but does not exist, replaced by a fixed one

pdfTeX warning (dest): name{cite.DBLP\\penalty\040\\@M\040\040:conf/icassp/Ding
RAP13} has been referenced but does not exist, replaced by a fixed one

pdfTeX warning (dest): name{cite.DBLP\\penalty\040\\@M\040\040:journals/tog/Lee
CRHP02} has been referenced but does not exist, replaced by a fixed one

pdfTeX warning (dest): name{cite.DBLP\\penalty\040\\@M\040\040:journals/tog/McC
annP07} has been referenced but does not exist, replaced by a fixed one

pdfTeX warning (dest): name{cite.DBLP\\penalty\040\\@M\040\040:journals/tog/Tre
uilleLP07} has been referenced but does not exist, replaced by a fixed one

pdfTeX warning (dest): name{cite.DBLP\\penalty\040\\@M\040\040:conf/siggraph/Wi
tkinP95} has been referenced but does not exist, replaced by a fixed one

pdfTeX warning (dest): name{cite.DBLP\\penalty\040\\@M\040\040:conf/atal/ChiuM1
4} has been referenced but does not exist, replaced by a fixed one

pdfTeX warning (dest): name{cite.DBLP\\penalty\040\\@M\040\040:journals/tog/Lev
ineKTK10} has been referenced but does not exist, replaced by a fixed one

pdfTeX warning (dest): name{cite.DBLP\\penalty\040\\@M\040\040:journals/tog/Lev
ineTK09} has been referenced but does not exist, replaced by a fixed one

pdfTeX warning (dest): name{cite.DBLP\\penalty\040\\@M\040\040:journals/tvcg/Sh
oulsonMKB14} has been referenced but does not exist, replaced by a fixed one

{/usr/local/texlive/2013/texmf-dist/fonts/enc/dvips/cm-super/cm-super-t1.enc}{/
usr/local/texlive/2013/texmf-dist/fonts/enc/dvips/base/8r.enc}</usr/local/texli
ve/2013/texmf-dist/fonts/type1/public/amsfonts/cm/cmsy10.pfb></usr/local/texliv
e/2013/texmf-dist/fonts/type1/public/eurosym/feymr10.pfb></usr/local/texlive/20
13/texmf-dist/fonts/type1/public/cm-super/sftt1095.pfb></usr/local/texlive/2013
/texmf-dist/fonts/type1/urw/helvetic/uhvb8a.pfb></usr/local/texlive/2013/texmf-
dist/fonts/type1/urw/helvetic/uhvr8a.pfb></usr/local/texlive/2013/texmf-dist/fo
nts/type1/urw/helvetic/uhvro8a.pfb>
Output written on dada_science.pdf (35 pages, 218486 bytes).
PDF statistics:
 736 PDF objects out of 1000 (max. 8388607)
 686 compressed objects within 7 object streams
 301 named destinations out of 1000 (max. 500000)
 57 words of extra memory for PDF output out of 10000 (max. 10000000)

